<?xml version="1.0" encoding="UTF-8"?>
<testng-results ignored="0" total="1" passed="1" failed="0" skipped="0">
  <reporter-output>
  </reporter-output>
  <suite started-at="2020-05-25T21:01:53 IST" name="Default suite" finished-at="2020-05-25T21:01:54 IST" duration-ms="1311">
    <groups>
    </groups>
    <test started-at="2020-05-25T21:01:53 IST" name="Default test" finished-at="2020-05-25T21:01:54 IST" duration-ms="1311">
      <class name="ComplexJson.Sumvalidation">
        <test-method signature="validateSum()[pri:0, instance:ComplexJson.Sumvalidation@78ffe6dc]" started-at="2020-05-25T21:01:53 IST" name="validateSum" finished-at="2020-05-25T21:01:54 IST" duration-ms="1274" status="PASS">
          <reporter-output>
          </reporter-output>
        </test-method> <!-- validateSum -->
      </class> <!-- ComplexJson.Sumvalidation -->
    </test> <!-- Default test -->
  </suite> <!-- Default suite -->
</testng-results>
